<?xml version="1.0" encoding="UTF-8"?>
<testsuite name="quantitymeasurement.QuantityMeasurementTest" tests="1" skipped="0" failures="0" errors="0" timestamp="2020-09-04T23:12:12" hostname="HPL5" time="1.2">
  <properties/>
  <testcase name="givenZeroFeetAndZeroFeet_WhenComparedInLengths_ShouldReturnEqual" classname="quantitymeasurement.QuantityMeasurementTest" time="1.2"/>
  <system-out><![CDATA[]]></system-out>
  <system-err><![CDATA[]]></system-err>
</testsuite>
